<html>
<head>
<title>TestNG:  any test name2</title>
<link href="../testng.css" rel="stylesheet" type="text/css" />
<link href="../my-testng.css" rel="stylesheet" type="text/css" />

<style type="text/css">
.log { display: none;} 
.stack-trace { display: none;} 
</style>
<script type="text/javascript">
<!--
function flip(e) {
  current = e.style.display;
  if (current == 'block') {
    e.style.display = 'none';
    return 0;
  }
  else {
    e.style.display = 'block';
    return 1;
  }
}

function toggleBox(szDivId, elem, msg1, msg2)
{
  var res = -1;  if (document.getElementById) {
    res = flip(document.getElementById(szDivId));
  }
  else if (document.all) {
    // this is the way old msie versions work
    res = flip(document.all[szDivId]);
  }
  if(elem) {
    if(res == 0) elem.innerHTML = msg1; else elem.innerHTML = msg2;
  }

}

function toggleAllBoxes() {
  if (document.getElementsByTagName) {
    d = document.getElementsByTagName('div');
    for (i = 0; i < d.length; i++) {
      if (d[i].className == 'log') {
        flip(d[i]);
      }
    }
  }
}

// -->
</script>

</head>
<body>
<h2 align='center'>any test name2</h2><table border='1' align="center">
<tr>
<td>Tests passed/Failed/Skipped:</td><td>15/2/2</td>
</tr><tr>
<td>Started on:</td><td>Sat Aug 06 07:33:13 IST 2016</td>
</tr>
<tr><td>Total time:</td><td>0 seconds (150 ms)</td>
</tr><tr>
<td>Included groups:</td><td></td>
</tr><tr>
<td>Excluded groups:</td><td></td>
</tr>
</table><p/>
<small><i>(Hover the method name to see the test class name)</i></small><p/>
<table width='100%' border='1' class='invocation-failed'>
<tr><td colspan='4' align='center'><b>FAILED TESTS</b></td></tr>
<tr><td><b>Test method</b></td>
<td width="30%"><b>Exception</b></td>
<td width="10%"><b>Time (seconds)</b></td>
<td><b>Instance</b></td>
</tr>
<tr>
<td title='com.deena.TestNGLearn.YahooNewsTest.News_Test2()'><b>News_Test2</b><br>Test class: com.deena.TestNGLearn.YahooNewsTest</td>
<td><div><pre>java.lang.AssertionError: expected [test1] but found [test2]
	at com.deena.TestNGLearn.YahooNewsTest.News_Test2(YahooNewsTest.java:18)
... Removed 30 stack frames</pre></div><a href='#' onClick='toggleBox("stack-trace1007653873", this, "Click to show all stack frames", "Click to hide stack frames")'>Click to show all stack frames</a>
<div class='stack-trace' id='stack-trace1007653873'><pre>java.lang.AssertionError: expected [test1] but found [test2]
	at org.testng.Assert.fail(Assert.java:94)
	at org.testng.Assert.failNotEquals(Assert.java:513)
	at org.testng.Assert.assertEqualsImpl(Assert.java:135)
	at org.testng.Assert.assertEquals(Assert.java:116)
	at org.testng.Assert.assertEquals(Assert.java:190)
	at org.testng.Assert.assertEquals(Assert.java:200)
	at com.deena.TestNGLearn.YahooNewsTest.News_Test2(YahooNewsTest.java:18)
	at sun.reflect.NativeMethodAccessorImpl.invoke0(Native Method)
	at sun.reflect.NativeMethodAccessorImpl.invoke(NativeMethodAccessorImpl.java:62)
	at sun.reflect.DelegatingMethodAccessorImpl.invoke(DelegatingMethodAccessorImpl.java:43)
	at java.lang.reflect.Method.invoke(Method.java:497)
	at org.testng.internal.MethodInvocationHelper.invokeMethod(MethodInvocationHelper.java:86)
	at org.testng.internal.Invoker.invokeMethod(Invoker.java:643)
	at org.testng.internal.Invoker.invokeTestMethod(Invoker.java:820)
	at org.testng.internal.Invoker.invokeTestMethods(Invoker.java:1128)
	at org.testng.internal.TestMethodWorker.invokeTestMethods(TestMethodWorker.java:129)
	at org.testng.internal.TestMethodWorker.run(TestMethodWorker.java:112)
	at org.testng.TestRunner.privateRun(TestRunner.java:782)
	at org.testng.TestRunner.run(TestRunner.java:632)
	at org.testng.SuiteRunner.runTest(SuiteRunner.java:366)
	at org.testng.SuiteRunner.runSequentially(SuiteRunner.java:361)
	at org.testng.SuiteRunner.privateRun(SuiteRunner.java:319)
	at org.testng.SuiteRunner.run(SuiteRunner.java:268)
	at org.testng.SuiteRunnerWorker.runSuite(SuiteRunnerWorker.java:52)
	at org.testng.SuiteRunnerWorker.run(SuiteRunnerWorker.java:86)
	at org.testng.TestNG.runSuitesSequentially(TestNG.java:1244)
	at org.testng.TestNG.runSuitesLocally(TestNG.java:1169)
	at org.testng.TestNG.run(TestNG.java:1064)
	at org.testng.remote.AbstractRemoteTestNG.run(AbstractRemoteTestNG.java:126)
	at org.testng.remote.RemoteTestNG.initAndRun(RemoteTestNG.java:152)
	at org.testng.remote.RemoteTestNG.main(RemoteTestNG.java:57)
</pre></div></td>
<td>0</td>
<td>com.deena.TestNGLearn.YahooNewsTest@7f9a81e8</td></tr>
<tr>
<td title='com.deena.TestNGLearn.YahooTest.test4()'><b>test4</b><br>Test class: com.deena.TestNGLearn.YahooTest</td>
<td><div><pre>java.lang.AssertionError: expected [test5] but found [test4]
	at com.deena.TestNGLearn.YahooTest.test4(YahooTest.java:37)
... Removed 30 stack frames</pre></div><a href='#' onClick='toggleBox("stack-trace717386707", this, "Click to show all stack frames", "Click to hide stack frames")'>Click to show all stack frames</a>
<div class='stack-trace' id='stack-trace717386707'><pre>java.lang.AssertionError: expected [test5] but found [test4]
	at org.testng.Assert.fail(Assert.java:94)
	at org.testng.Assert.failNotEquals(Assert.java:513)
	at org.testng.Assert.assertEqualsImpl(Assert.java:135)
	at org.testng.Assert.assertEquals(Assert.java:116)
	at org.testng.Assert.assertEquals(Assert.java:190)
	at org.testng.Assert.assertEquals(Assert.java:200)
	at com.deena.TestNGLearn.YahooTest.test4(YahooTest.java:37)
	at sun.reflect.NativeMethodAccessorImpl.invoke0(Native Method)
	at sun.reflect.NativeMethodAccessorImpl.invoke(NativeMethodAccessorImpl.java:62)
	at sun.reflect.DelegatingMethodAccessorImpl.invoke(DelegatingMethodAccessorImpl.java:43)
	at java.lang.reflect.Method.invoke(Method.java:497)
	at org.testng.internal.MethodInvocationHelper.invokeMethod(MethodInvocationHelper.java:86)
	at org.testng.internal.Invoker.invokeMethod(Invoker.java:643)
	at org.testng.internal.Invoker.invokeTestMethod(Invoker.java:820)
	at org.testng.internal.Invoker.invokeTestMethods(Invoker.java:1128)
	at org.testng.internal.TestMethodWorker.invokeTestMethods(TestMethodWorker.java:129)
	at org.testng.internal.TestMethodWorker.run(TestMethodWorker.java:112)
	at org.testng.TestRunner.privateRun(TestRunner.java:782)
	at org.testng.TestRunner.run(TestRunner.java:632)
	at org.testng.SuiteRunner.runTest(SuiteRunner.java:366)
	at org.testng.SuiteRunner.runSequentially(SuiteRunner.java:361)
	at org.testng.SuiteRunner.privateRun(SuiteRunner.java:319)
	at org.testng.SuiteRunner.run(SuiteRunner.java:268)
	at org.testng.SuiteRunnerWorker.runSuite(SuiteRunnerWorker.java:52)
	at org.testng.SuiteRunnerWorker.run(SuiteRunnerWorker.java:86)
	at org.testng.TestNG.runSuitesSequentially(TestNG.java:1244)
	at org.testng.TestNG.runSuitesLocally(TestNG.java:1169)
	at org.testng.TestNG.run(TestNG.java:1064)
	at org.testng.remote.AbstractRemoteTestNG.run(AbstractRemoteTestNG.java:126)
	at org.testng.remote.RemoteTestNG.initAndRun(RemoteTestNG.java:152)
	at org.testng.remote.RemoteTestNG.main(RemoteTestNG.java:57)
</pre></div></td>
<td>0</td>
<td>com.deena.TestNGLearn.YahooTest@51081592</td></tr>
</table><p>
<table width='100%' border='1' class='invocation-passed'>
<tr><td colspan='4' align='center'><b>PASSED TESTS</b></td></tr>
<tr><td><b>Test method</b></td>
<td width="30%"><b>Exception</b></td>
<td width="10%"><b>Time (seconds)</b></td>
<td><b>Instance</b></td>
</tr>
<tr>
<td title='com.deena.TestNGLearn.YahooNewsTest.News_Test1()'><b>News_Test1</b><br>Test class: com.deena.TestNGLearn.YahooNewsTest</td>
<td></td>
<td>0</td>
<td>com.deena.TestNGLearn.YahooNewsTest@7f9a81e8</td></tr>
<tr>
<td title='com.deena.TestNGLearn.YahooRegistrationTest.registration_test()'><b>registration_test</b><br>Test class: com.deena.TestNGLearn.YahooRegistrationTest<br>Parameters: Sachin, password1, sachin@test.com, Mumbai</td>
<td></td>
<td>0</td>
<td>com.deena.TestNGLearn.YahooRegistrationTest@62ee68d8</td></tr>
<tr>
<td title='com.deena.TestNGLearn.YahooRegistrationTest.registration_test()'><b>registration_test</b><br>Test class: com.deena.TestNGLearn.YahooRegistrationTest<br>Parameters: Saurav, password2, saurav@test.com, Kolkata</td>
<td></td>
<td>0</td>
<td>com.deena.TestNGLearn.YahooRegistrationTest@62ee68d8</td></tr>
<tr>
<td title='com.deena.TestNGLearn.YahooRegistrationTest.registration_test()'><b>registration_test</b><br>Test class: com.deena.TestNGLearn.YahooRegistrationTest<br>Parameters: Dhoni, password3, dhoni@test.com, Chennai</td>
<td></td>
<td>0</td>
<td>com.deena.TestNGLearn.YahooRegistrationTest@62ee68d8</td></tr>
<tr>
<td title='com.deena.TestNGLearn.YahooRegistrationTest.registration_test()'><b>registration_test</b><br>Test class: com.deena.TestNGLearn.YahooRegistrationTest<br>Parameters: Rahul, password4, rahul@test.com, Banglore</td>
<td></td>
<td>0</td>
<td>com.deena.TestNGLearn.YahooRegistrationTest@62ee68d8</td></tr>
<tr>
<td title='com.deena.TestNGLearn.YahooRegistrationTest.registration_test1()'><b>registration_test1</b><br>Test class: com.deena.TestNGLearn.YahooRegistrationTest<br>Parameters: Sachin, password1</td>
<td></td>
<td>0</td>
<td>com.deena.TestNGLearn.YahooRegistrationTest@62ee68d8</td></tr>
<tr>
<td title='com.deena.TestNGLearn.YahooRegistrationTest.registration_test1()'><b>registration_test1</b><br>Test class: com.deena.TestNGLearn.YahooRegistrationTest<br>Parameters: Saurav, password2</td>
<td></td>
<td>0</td>
<td>com.deena.TestNGLearn.YahooRegistrationTest@62ee68d8</td></tr>
<tr>
<td title='com.deena.TestNGLearn.YahooRegistrationTest.registration_test2()'><b>registration_test2</b><br>Test class: com.deena.TestNGLearn.YahooRegistrationTest<br>Parameters: Sachin, password1, sachin@test.com</td>
<td></td>
<td>0</td>
<td>com.deena.TestNGLearn.YahooRegistrationTest@62ee68d8</td></tr>
<tr>
<td title='com.deena.TestNGLearn.YahooRegistrationTest.registration_test2()'><b>registration_test2</b><br>Test class: com.deena.TestNGLearn.YahooRegistrationTest<br>Parameters: Saurav, password2, saurav@test.com</td>
<td></td>
<td>0</td>
<td>com.deena.TestNGLearn.YahooRegistrationTest@62ee68d8</td></tr>
<tr>
<td title='com.deena.TestNGLearn.YahooRegistrationTest.registration_test3()'><b>registration_test3</b><br>Test class: com.deena.TestNGLearn.YahooRegistrationTest<br>Parameters: Sachin, password1, sachin@test.com, Mumbai</td>
<td></td>
<td>0</td>
<td>com.deena.TestNGLearn.YahooRegistrationTest@62ee68d8</td></tr>
<tr>
<td title='com.deena.TestNGLearn.YahooRegistrationTest.registration_test3()'><b>registration_test3</b><br>Test class: com.deena.TestNGLearn.YahooRegistrationTest<br>Parameters: Saurav, password2, saurav@test.com, Kolkata</td>
<td></td>
<td>0</td>
<td>com.deena.TestNGLearn.YahooRegistrationTest@62ee68d8</td></tr>
<tr>
<td title='com.deena.TestNGLearn.YahooRegistrationTest.registration_test3()'><b>registration_test3</b><br>Test class: com.deena.TestNGLearn.YahooRegistrationTest<br>Parameters: Dhoni, password3, dhoni@test.com, Chennai</td>
<td></td>
<td>0</td>
<td>com.deena.TestNGLearn.YahooRegistrationTest@62ee68d8</td></tr>
<tr>
<td title='com.deena.TestNGLearn.YahooRegistrationTest.registration_test3()'><b>registration_test3</b><br>Test class: com.deena.TestNGLearn.YahooRegistrationTest<br>Parameters: Rahul, password4, rahul@test.com, Banglore</td>
<td></td>
<td>0</td>
<td>com.deena.TestNGLearn.YahooRegistrationTest@62ee68d8</td></tr>
<tr>
<td title='com.deena.TestNGLearn.YahooTest.test1()'><b>test1</b><br>Test class: com.deena.TestNGLearn.YahooTest</td>
<td></td>
<td>0</td>
<td>com.deena.TestNGLearn.YahooTest@51081592</td></tr>
<tr>
<td title='com.deena.TestNGLearn.YahooTest.test2()'><b>test2</b><br>Test class: com.deena.TestNGLearn.YahooTest</td>
<td></td>
<td>0</td>
<td>com.deena.TestNGLearn.YahooTest@51081592</td></tr>
</table><p>
<table width='100%' border='1' class='invocation-skipped'>
<tr><td colspan='4' align='center'><b>SKIPPED TESTS</b></td></tr>
<tr><td><b>Test method</b></td>
<td width="30%"><b>Exception</b></td>
<td width="10%"><b>Time (seconds)</b></td>
<td><b>Instance</b></td>
</tr>
<tr>
<td title='com.deena.TestNGLearn.YahooNewsTest.News_Test3()'><b>News_Test3</b><br>Test class: com.deena.TestNGLearn.YahooNewsTest</td>
<td><div><pre>java.lang.Throwable: Method YahooNewsTest.News_Test3()[pri:3, instance:com.deena.TestNGLearn.YahooNewsTest@7f9a81e8] depends on not successfully finished methods
... Removed 17 stack frames</pre></div><a href='#' onClick='toggleBox("stack-trace828441346", this, "Click to show all stack frames", "Click to hide stack frames")'>Click to show all stack frames</a>
<div class='stack-trace' id='stack-trace828441346'><pre>java.lang.Throwable: Method YahooNewsTest.News_Test3()[pri:3, instance:com.deena.TestNGLearn.YahooNewsTest@7f9a81e8] depends on not successfully finished methods
	at org.testng.internal.Invoker.invokeTestMethods(Invoker.java:1037)
	at org.testng.internal.TestMethodWorker.invokeTestMethods(TestMethodWorker.java:129)
	at org.testng.internal.TestMethodWorker.run(TestMethodWorker.java:112)
	at org.testng.TestRunner.privateRun(TestRunner.java:782)
	at org.testng.TestRunner.run(TestRunner.java:632)
	at org.testng.SuiteRunner.runTest(SuiteRunner.java:366)
	at org.testng.SuiteRunner.runSequentially(SuiteRunner.java:361)
	at org.testng.SuiteRunner.privateRun(SuiteRunner.java:319)
	at org.testng.SuiteRunner.run(SuiteRunner.java:268)
	at org.testng.SuiteRunnerWorker.runSuite(SuiteRunnerWorker.java:52)
	at org.testng.SuiteRunnerWorker.run(SuiteRunnerWorker.java:86)
	at org.testng.TestNG.runSuitesSequentially(TestNG.java:1244)
	at org.testng.TestNG.runSuitesLocally(TestNG.java:1169)
	at org.testng.TestNG.run(TestNG.java:1064)
	at org.testng.remote.AbstractRemoteTestNG.run(AbstractRemoteTestNG.java:126)
	at org.testng.remote.RemoteTestNG.initAndRun(RemoteTestNG.java:152)
	at org.testng.remote.RemoteTestNG.main(RemoteTestNG.java:57)
</pre></div></td>
<td>0</td>
<td>null</td></tr>
<tr>
<td title='com.deena.TestNGLearn.YahooTest.test3()'><b>test3</b><br>Test class: com.deena.TestNGLearn.YahooTest</td>
<td><div><pre>org.testng.SkipException: This is for testing purpoose
	at com.deena.TestNGLearn.YahooTest.test3(YahooTest.java:31)
... Removed 24 stack frames</pre></div><a href='#' onClick='toggleBox("stack-trace1589683045", this, "Click to show all stack frames", "Click to hide stack frames")'>Click to show all stack frames</a>
<div class='stack-trace' id='stack-trace1589683045'><pre>org.testng.SkipException: This is for testing purpoose
	at com.deena.TestNGLearn.YahooTest.test3(YahooTest.java:31)
	at sun.reflect.NativeMethodAccessorImpl.invoke0(Native Method)
	at sun.reflect.NativeMethodAccessorImpl.invoke(NativeMethodAccessorImpl.java:62)
	at sun.reflect.DelegatingMethodAccessorImpl.invoke(DelegatingMethodAccessorImpl.java:43)
	at java.lang.reflect.Method.invoke(Method.java:497)
	at org.testng.internal.MethodInvocationHelper.invokeMethod(MethodInvocationHelper.java:86)
	at org.testng.internal.Invoker.invokeMethod(Invoker.java:643)
	at org.testng.internal.Invoker.invokeTestMethod(Invoker.java:820)
	at org.testng.internal.Invoker.invokeTestMethods(Invoker.java:1128)
	at org.testng.internal.TestMethodWorker.invokeTestMethods(TestMethodWorker.java:129)
	at org.testng.internal.TestMethodWorker.run(TestMethodWorker.java:112)
	at org.testng.TestRunner.privateRun(TestRunner.java:782)
	at org.testng.TestRunner.run(TestRunner.java:632)
	at org.testng.SuiteRunner.runTest(SuiteRunner.java:366)
	at org.testng.SuiteRunner.runSequentially(SuiteRunner.java:361)
	at org.testng.SuiteRunner.privateRun(SuiteRunner.java:319)
	at org.testng.SuiteRunner.run(SuiteRunner.java:268)
	at org.testng.SuiteRunnerWorker.runSuite(SuiteRunnerWorker.java:52)
	at org.testng.SuiteRunnerWorker.run(SuiteRunnerWorker.java:86)
	at org.testng.TestNG.runSuitesSequentially(TestNG.java:1244)
	at org.testng.TestNG.runSuitesLocally(TestNG.java:1169)
	at org.testng.TestNG.run(TestNG.java:1064)
	at org.testng.remote.AbstractRemoteTestNG.run(AbstractRemoteTestNG.java:126)
	at org.testng.remote.RemoteTestNG.initAndRun(RemoteTestNG.java:152)
	at org.testng.remote.RemoteTestNG.main(RemoteTestNG.java:57)
</pre></div></td>
<td>0</td>
<td>com.deena.TestNGLearn.YahooTest@51081592</td></tr>
</table><p>
</body>
</html>